[2020-03-27 04:27:16.228] [sharedprocess] [info] main {"machineId":"ff96b4bd928b03a0b5937327da85310b53cd7137c4e530eba99ac75bb2f1a812"}
[2020-03-27 04:27:17.407] [sharedprocess] [info] Scanned user extensions: 3
[2020-03-27 04:27:17.721] [sharedprocess] [info] Deleted from disk 13xforever.language-x86-64-assembly /home/volcano/.vscode/extensions/13xforever.language-x86-64-assembly-2.2.11
[2020-03-27 04:27:18.264] [sharedprocess] [info] Scanned system extensions: 72
[2020-03-27 04:27:21.769] [sharedprocess] [info] Scanned user extensions: 3
[2020-03-27 04:27:21.777] [sharedprocess] [info] Scanned user extensions: 3
[2020-03-27 04:27:21.962] [sharedprocess] [info] Scanned system extensions: 72
[2020-03-27 04:27:21.973] [sharedprocess] [info] Scanned system extensions: 72
[2020-03-27 04:27:22.075] [sharedprocess] [info] Scanned user extensions: 3
[2020-03-27 04:27:22.213] [sharedprocess] [info] Scanned system extensions: 72
[2020-03-27 04:27:24.006] [sharedprocess] [info] Scanned user extensions: 3
[2020-03-27 04:27:46.627] [sharedprocess] [info] Scanned user extensions: 3
[2020-03-27 04:27:46.630] [sharedprocess] [info] Scanned user extensions: 3
[2020-03-27 04:27:46.972] [sharedprocess] [info] Scanned system extensions: 72
[2020-03-27 04:27:47.006] [sharedprocess] [info] Scanned system extensions: 72
[2020-03-27 04:27:47.124] [sharedprocess] [info] Scanned user extensions: 3
[2020-03-27 04:27:47.194] [sharedprocess] [info] Scanned system extensions: 72
[2020-03-27 04:27:48.838] [sharedprocess] [info] Scanned user extensions: 3
[2020-03-27 04:27:56.238] [sharedprocess] [info] Starting to clean up unused language packs.
[2020-03-27 04:28:10.851] [sharedprocess] [info] Scanned user extensions: 3
[2020-03-27 04:28:10.860] [sharedprocess] [info] Scanned user extensions: 3
[2020-03-27 04:28:11.225] [sharedprocess] [info] Scanned system extensions: 72
[2020-03-27 04:28:11.238] [sharedprocess] [info] Scanned system extensions: 72
[2020-03-27 04:28:11.571] [sharedprocess] [info] Scanned user extensions: 3
[2020-03-27 04:28:11.649] [sharedprocess] [info] Scanned system extensions: 72
[2020-03-27 04:28:12.963] [sharedprocess] [info] Scanned user extensions: 3
[2020-03-27 04:32:24.177] [sharedprocess] [info] Scanned user extensions: 3
[2020-03-27 04:33:13.051] [sharedprocess] [info] Scanned user extensions: 3
[2020-03-27 04:37:24.195] [sharedprocess] [info] Scanned user extensions: 3
[2020-03-27 04:38:13.064] [sharedprocess] [info] Scanned user extensions: 3
[2020-03-27 04:43:13.166] [sharedprocess] [info] Scanned user extensions: 3
[2020-03-27 04:48:13.181] [sharedprocess] [info] Scanned user extensions: 3
[2020-03-27 04:53:13.194] [sharedprocess] [info] Scanned user extensions: 3
[2020-03-27 04:58:14.033] [sharedprocess] [info] Scanned user extensions: 3
[2020-03-27 05:03:14.047] [sharedprocess] [info] Scanned user extensions: 3
[2020-03-27 05:08:14.237] [sharedprocess] [info] Scanned user extensions: 3
[2020-03-27 05:13:14.245] [sharedprocess] [info] Scanned user extensions: 3
[2020-03-27 05:18:14.296] [sharedprocess] [info] Scanned user extensions: 3
[2020-03-27 05:23:14.887] [sharedprocess] [info] Scanned user extensions: 3
[2020-03-27 05:28:14.901] [sharedprocess] [info] Scanned user extensions: 3
[2020-03-27 05:33:14.912] [sharedprocess] [info] Scanned user extensions: 3
[2020-03-27 05:38:14.923] [sharedprocess] [info] Scanned user extensions: 3
[2020-03-27 05:43:15.028] [sharedprocess] [info] Scanned user extensions: 3
[2020-03-27 05:48:15.507] [sharedprocess] [info] Scanned user extensions: 3
[2020-03-27 05:53:15.580] [sharedprocess] [info] Scanned user extensions: 3
[2020-03-27 05:58:16.217] [sharedprocess] [info] Scanned user extensions: 3
[2020-03-27 06:03:18.121] [sharedprocess] [info] Scanned user extensions: 3
[2020-03-27 06:08:24.235] [sharedprocess] [info] Scanned user extensions: 3
[2020-03-27 06:13:24.265] [sharedprocess] [info] Scanned user extensions: 3
[2020-03-27 06:18:24.383] [sharedprocess] [info] Scanned user extensions: 3
[2020-03-27 06:23:24.469] [sharedprocess] [info] Scanned user extensions: 3
[2020-03-27 06:28:24.508] [sharedprocess] [info] Scanned user extensions: 3
[2020-03-27 06:33:24.589] [sharedprocess] [info] Scanned user extensions: 3
[2020-03-27 06:38:24.780] [sharedprocess] [info] Scanned user extensions: 3
[2020-03-27 06:43:24.808] [sharedprocess] [info] Scanned user extensions: 3
[2020-03-27 06:48:24.870] [sharedprocess] [info] Scanned user extensions: 3
[2020-03-27 06:53:24.880] [sharedprocess] [info] Scanned user extensions: 3
[2020-03-27 06:58:25.048] [sharedprocess] [info] Scanned user extensions: 3
[2020-03-27 07:03:25.092] [sharedprocess] [info] Scanned user extensions: 3
[2020-03-27 07:08:25.344] [sharedprocess] [info] Scanned user extensions: 3
[2020-03-27 07:13:25.364] [sharedprocess] [info] Scanned user extensions: 3
[2020-03-27 07:18:25.399] [sharedprocess] [info] Scanned user extensions: 3
[2020-03-27 07:23:26.643] [sharedprocess] [info] Scanned user extensions: 3
[2020-03-27 07:28:26.726] [sharedprocess] [info] Scanned user extensions: 3
[2020-03-27 07:33:27.739] [sharedprocess] [info] Scanned user extensions: 3
[2020-03-27 07:38:28.661] [sharedprocess] [info] Scanned user extensions: 3
[2020-03-27 07:43:29.092] [sharedprocess] [info] Scanned user extensions: 3
[2020-03-27 07:48:29.134] [sharedprocess] [info] Scanned user extensions: 3
[2020-03-27 07:53:29.164] [sharedprocess] [info] Scanned user extensions: 3
[2020-03-27 07:58:29.193] [sharedprocess] [info] Scanned user extensions: 3
[2020-03-27 08:03:29.211] [sharedprocess] [info] Scanned user extensions: 3
[2020-03-27 08:08:29.455] [sharedprocess] [info] Scanned user extensions: 3
[2020-03-27 08:13:29.871] [sharedprocess] [info] Scanned user extensions: 3
[2020-03-27 08:18:29.884] [sharedprocess] [info] Scanned user extensions: 3
[2020-03-27 08:23:29.993] [sharedprocess] [info] Scanned user extensions: 3
[2020-03-27 08:28:30.042] [sharedprocess] [info] Scanned user extensions: 3
[2020-03-27 08:33:30.802] [sharedprocess] [info] Scanned user extensions: 3
[2020-03-27 08:38:30.811] [sharedprocess] [info] Scanned user extensions: 3
[2020-03-27 08:43:30.816] [sharedprocess] [info] Scanned user extensions: 3
[2020-03-27 08:48:30.827] [sharedprocess] [info] Scanned user extensions: 3
[2020-03-27 08:53:31.912] [sharedprocess] [info] Scanned user extensions: 3
[2020-03-27 08:58:32.548] [sharedprocess] [info] Scanned user extensions: 3
[2020-03-27 09:03:32.634] [sharedprocess] [info] Scanned user extensions: 3
[2020-03-27 09:08:32.947] [sharedprocess] [info] Scanned user extensions: 3
[2020-03-27 09:13:32.959] [sharedprocess] [info] Scanned user extensions: 3
[2020-03-27 09:18:32.971] [sharedprocess] [info] Scanned user extensions: 3
[2020-03-27 09:23:33.003] [sharedprocess] [info] Scanned user extensions: 3
[2020-03-27 09:28:33.010] [sharedprocess] [info] Scanned user extensions: 3
[2020-03-27 09:33:33.019] [sharedprocess] [info] Scanned user extensions: 3
[2020-03-27 09:38:33.031] [sharedprocess] [info] Scanned user extensions: 3
[2020-03-27 09:43:33.041] [sharedprocess] [info] Scanned user extensions: 3
[2020-03-27 09:48:33.075] [sharedprocess] [info] Scanned user extensions: 3
[2020-03-27 09:53:33.086] [sharedprocess] [info] Scanned user extensions: 3
[2020-03-27 09:58:33.096] [sharedprocess] [info] Scanned user extensions: 3
[2020-03-27 10:03:33.109] [sharedprocess] [info] Scanned user extensions: 3
[2020-03-27 10:08:33.198] [sharedprocess] [info] Scanned user extensions: 3
[2020-03-27 10:13:33.227] [sharedprocess] [info] Scanned user extensions: 3
[2020-03-27 10:18:33.242] [sharedprocess] [info] Scanned user extensions: 3
[2020-03-27 10:23:33.254] [sharedprocess] [info] Scanned user extensions: 3
[2020-03-27 10:28:33.267] [sharedprocess] [info] Scanned user extensions: 3
[2020-03-27 10:33:33.301] [sharedprocess] [info] Scanned user extensions: 3
[2020-03-27 10:38:33.349] [sharedprocess] [info] Scanned user extensions: 3
[2020-03-27 10:43:33.361] [sharedprocess] [info] Scanned user extensions: 3
[2020-03-27 10:48:33.372] [sharedprocess] [info] Scanned user extensions: 3
[2020-03-27 10:53:33.381] [sharedprocess] [info] Scanned user extensions: 3
[2020-03-27 10:58:33.398] [sharedprocess] [info] Scanned user extensions: 3
[2020-03-27 11:03:33.421] [sharedprocess] [info] Scanned user extensions: 3
[2020-03-27 11:08:33.534] [sharedprocess] [info] Scanned user extensions: 3
[2020-03-27 11:13:33.563] [sharedprocess] [info] Scanned user extensions: 3
[2020-03-27 11:18:33.577] [sharedprocess] [info] Scanned user extensions: 3
[2020-03-27 11:23:33.590] [sharedprocess] [info] Scanned user extensions: 3
[2020-03-27 11:28:33.602] [sharedprocess] [info] Scanned user extensions: 3
[2020-03-27 11:33:33.636] [sharedprocess] [info] Scanned user extensions: 3
[2020-03-27 11:38:33.649] [sharedprocess] [info] Scanned user extensions: 3
[2020-03-27 11:43:33.663] [sharedprocess] [info] Scanned user extensions: 3
[2020-03-27 11:48:33.694] [sharedprocess] [info] Scanned user extensions: 3
[2020-03-27 11:53:33.705] [sharedprocess] [info] Scanned user extensions: 3
[2020-03-27 11:58:33.737] [sharedprocess] [info] Scanned user extensions: 3
[2020-03-27 12:03:33.750] [sharedprocess] [info] Scanned user extensions: 3
[2020-03-27 12:08:33.844] [sharedprocess] [info] Scanned user extensions: 3
[2020-03-27 12:13:33.859] [sharedprocess] [info] Scanned user extensions: 3
[2020-03-27 12:18:33.888] [sharedprocess] [info] Scanned user extensions: 3
[2020-03-27 12:23:33.900] [sharedprocess] [info] Scanned user extensions: 3
[2020-03-27 12:28:33.914] [sharedprocess] [info] Scanned user extensions: 3
[2020-03-27 12:33:33.927] [sharedprocess] [info] Scanned user extensions: 3
[2020-03-27 12:38:33.938] [sharedprocess] [info] Scanned user extensions: 3
[2020-03-27 12:43:33.951] [sharedprocess] [info] Scanned user extensions: 3
[2020-03-27 12:48:33.964] [sharedprocess] [info] Scanned user extensions: 3
[2020-03-27 12:53:33.980] [sharedprocess] [info] Scanned user extensions: 3
[2020-03-27 12:58:33.989] [sharedprocess] [info] Scanned user extensions: 3
[2020-03-27 13:03:34.016] [sharedprocess] [info] Scanned user extensions: 3
[2020-03-27 13:08:34.120] [sharedprocess] [info] Scanned user extensions: 3
[2020-03-27 13:13:34.134] [sharedprocess] [info] Scanned user extensions: 3
[2020-03-27 13:18:34.147] [sharedprocess] [info] Scanned user extensions: 3
[2020-03-27 13:23:34.158] [sharedprocess] [info] Scanned user extensions: 3
[2020-03-27 13:28:34.170] [sharedprocess] [info] Scanned user extensions: 3
[2020-03-27 13:33:34.183] [sharedprocess] [info] Scanned user extensions: 3
[2020-03-27 13:38:34.194] [sharedprocess] [info] Scanned user extensions: 3
[2020-03-27 13:43:34.207] [sharedprocess] [info] Scanned user extensions: 3
[2020-03-27 13:48:34.218] [sharedprocess] [info] Scanned user extensions: 3
[2020-03-27 13:53:34.230] [sharedprocess] [info] Scanned user extensions: 3
[2020-03-27 13:58:34.266] [sharedprocess] [info] Scanned user extensions: 3
[2020-03-27 14:03:34.278] [sharedprocess] [info] Scanned user extensions: 3
[2020-03-27 14:08:34.411] [sharedprocess] [info] Scanned user extensions: 3
[2020-03-27 14:13:34.425] [sharedprocess] [info] Scanned user extensions: 3
[2020-03-27 14:18:34.436] [sharedprocess] [info] Scanned user extensions: 3
[2020-03-27 14:23:34.472] [sharedprocess] [info] Scanned user extensions: 3
[2020-03-27 14:28:34.485] [sharedprocess] [info] Scanned user extensions: 3
[2020-03-27 14:33:34.499] [sharedprocess] [info] Scanned user extensions: 3
[2020-03-27 14:38:34.510] [sharedprocess] [info] Scanned user extensions: 3
[2020-03-27 14:43:34.523] [sharedprocess] [info] Scanned user extensions: 3
[2020-03-27 14:48:34.557] [sharedprocess] [info] Scanned user extensions: 3
[2020-03-27 14:53:34.570] [sharedprocess] [info] Scanned user extensions: 3
[2020-03-27 14:58:34.583] [sharedprocess] [info] Scanned user extensions: 3
[2020-03-27 15:03:34.593] [sharedprocess] [info] Scanned user extensions: 3
[2020-03-27 15:08:34.716] [sharedprocess] [info] Scanned user extensions: 3
[2020-03-27 15:13:34.727] [sharedprocess] [info] Scanned user extensions: 3
[2020-03-27 15:18:34.740] [sharedprocess] [info] Scanned user extensions: 3
[2020-03-27 15:23:34.751] [sharedprocess] [info] Scanned user extensions: 3
[2020-03-27 15:28:34.783] [sharedprocess] [info] Scanned user extensions: 3
[2020-03-27 15:33:34.815] [sharedprocess] [info] Scanned user extensions: 3
[2020-03-27 15:38:34.828] [sharedprocess] [info] Scanned user extensions: 3
[2020-03-27 15:43:34.838] [sharedprocess] [info] Scanned user extensions: 3
[2020-03-27 15:48:34.851] [sharedprocess] [info] Scanned user extensions: 3
[2020-03-27 15:53:34.863] [sharedprocess] [info] Scanned user extensions: 3
[2020-03-27 15:58:34.875] [sharedprocess] [info] Scanned user extensions: 3
[2020-03-27 16:03:34.887] [sharedprocess] [info] Scanned user extensions: 3
[2020-03-27 16:08:34.984] [sharedprocess] [info] Scanned user extensions: 3
[2020-03-27 16:13:34.991] [sharedprocess] [info] Scanned user extensions: 3
[2020-03-27 16:18:34.996] [sharedprocess] [info] Scanned user extensions: 3
[2020-03-27 16:23:35.000] [sharedprocess] [info] Scanned user extensions: 3
[2020-03-27 16:28:35.006] [sharedprocess] [info] Scanned user extensions: 3
[2020-03-27 16:33:35.013] [sharedprocess] [info] Scanned user extensions: 3
[2020-03-27 16:38:35.023] [sharedprocess] [info] Scanned user extensions: 3
[2020-03-27 16:43:35.035] [sharedprocess] [info] Scanned user extensions: 3
[2020-03-27 16:48:35.045] [sharedprocess] [info] Scanned user extensions: 3
[2020-03-27 16:53:35.055] [sharedprocess] [info] Scanned user extensions: 3
[2020-03-27 16:58:35.064] [sharedprocess] [info] Scanned user extensions: 3
[2020-03-27 17:03:35.075] [sharedprocess] [info] Scanned user extensions: 3
[2020-03-27 17:08:35.198] [sharedprocess] [info] Scanned user extensions: 3
[2020-03-27 17:13:35.212] [sharedprocess] [info] Scanned user extensions: 3
[2020-03-27 17:18:35.226] [sharedprocess] [info] Scanned user extensions: 3
[2020-03-27 17:23:35.241] [sharedprocess] [info] Scanned user extensions: 3
[2020-03-27 17:28:35.253] [sharedprocess] [info] Scanned user extensions: 3
[2020-03-27 17:33:35.265] [sharedprocess] [info] Scanned user extensions: 3
[2020-03-27 17:38:35.278] [sharedprocess] [info] Scanned user extensions: 3
[2020-03-27 17:43:35.295] [sharedprocess] [info] Scanned user extensions: 3
[2020-03-27 17:48:35.308] [sharedprocess] [info] Scanned user extensions: 3
[2020-03-27 17:53:35.319] [sharedprocess] [info] Scanned user extensions: 3
[2020-03-27 17:58:35.332] [sharedprocess] [info] Scanned user extensions: 3
[2020-03-27 18:03:35.344] [sharedprocess] [info] Scanned user extensions: 3
[2020-03-27 18:08:35.500] [sharedprocess] [info] Scanned user extensions: 3
[2020-03-27 18:13:35.512] [sharedprocess] [info] Scanned user extensions: 3
