[2020-03-27 00:11:53.791] [sharedprocess] [info] main {"machineId":"ff96b4bd928b03a0b5937327da85310b53cd7137c4e530eba99ac75bb2f1a812"}
[2020-03-27 00:11:54.299] [sharedprocess] [info] Scanned user extensions: 3
[2020-03-27 00:11:54.634] [sharedprocess] [info] Scanned system extensions: 72
[2020-03-27 00:11:55.774] [sharedprocess] [info] Scanned user extensions: 3
[2020-03-27 00:11:55.777] [sharedprocess] [info] Scanned user extensions: 3
[2020-03-27 00:11:55.868] [sharedprocess] [info] Scanned system extensions: 72
[2020-03-27 00:11:55.876] [sharedprocess] [info] Scanned system extensions: 72
[2020-03-27 00:11:55.909] [sharedprocess] [info] Scanned user extensions: 3
[2020-03-27 00:11:55.954] [sharedprocess] [info] Scanned system extensions: 72
[2020-03-27 00:11:58.299] [sharedprocess] [info] Scanned user extensions: 3
[2020-03-27 00:11:59.175] [sharedprocess] [info] Installing extension: 13xforever.language-x86-64-assembly
[2020-03-27 00:11:59.182] [sharedprocess] [info] Scanned user extensions: 3
[2020-03-27 00:11:59.523] [sharedprocess] [info] Downloaded extension: 13xforever.language-x86-64-assembly /tmp/28fb31f1-8a23-491d-826d-332d2805f54c
[2020-03-27 00:11:59.589] [sharedprocess] [info] Extracted extension to /home/volcano/.vscode/extensions/.13xforever.language-x86-64-assembly-2.3.0: 13xforever.language-x86-64-assembly
[2020-03-27 00:11:59.589] [sharedprocess] [info] Renamed to /home/volcano/.vscode/extensions/13xforever.language-x86-64-assembly-2.3.0
[2020-03-27 00:11:59.590] [sharedprocess] [info] Installation completed. 13xforever.language-x86-64-assembly
[2020-03-27 00:11:59.716] [sharedprocess] [info] Extensions installed successfully: 13xforever.language-x86-64-assembly
[2020-03-27 00:12:33.808] [sharedprocess] [info] Starting to clean up unused language packs.
[2020-03-27 00:16:58.359] [sharedprocess] [info] Scanned user extensions: 3
[2020-03-27 00:21:58.446] [sharedprocess] [info] Scanned user extensions: 3
[2020-03-27 00:26:58.526] [sharedprocess] [info] Scanned user extensions: 3
[2020-03-27 00:31:58.593] [sharedprocess] [info] Scanned user extensions: 3
[2020-03-27 00:36:58.664] [sharedprocess] [info] Scanned user extensions: 3
[2020-03-27 00:41:58.742] [sharedprocess] [info] Scanned user extensions: 3
[2020-03-27 00:46:58.831] [sharedprocess] [info] Scanned user extensions: 3
[2020-03-27 00:51:58.908] [sharedprocess] [info] Scanned user extensions: 3
[2020-03-27 00:56:59.061] [sharedprocess] [info] Scanned user extensions: 3
[2020-03-27 01:01:59.129] [sharedprocess] [info] Scanned user extensions: 3
[2020-03-27 01:06:59.350] [sharedprocess] [info] Scanned user extensions: 3
[2020-03-27 01:11:59.428] [sharedprocess] [info] Scanned user extensions: 3
[2020-03-27 01:16:59.535] [sharedprocess] [info] Scanned user extensions: 3
[2020-03-27 01:21:59.624] [sharedprocess] [info] Scanned user extensions: 3
[2020-03-27 01:26:59.701] [sharedprocess] [info] Scanned user extensions: 3
[2020-03-27 01:31:59.797] [sharedprocess] [info] Scanned user extensions: 3
[2020-03-27 01:36:59.967] [sharedprocess] [info] Scanned user extensions: 3
[2020-03-27 01:42:00.034] [sharedprocess] [info] Scanned user extensions: 3
[2020-03-27 01:47:00.147] [sharedprocess] [info] Scanned user extensions: 3
[2020-03-27 01:52:00.222] [sharedprocess] [info] Scanned user extensions: 3
[2020-03-27 01:57:00.299] [sharedprocess] [info] Scanned user extensions: 3
[2020-03-27 02:02:00.368] [sharedprocess] [info] Scanned user extensions: 3
[2020-03-27 02:07:00.531] [sharedprocess] [info] Scanned user extensions: 3
[2020-03-27 02:12:00.622] [sharedprocess] [info] Scanned user extensions: 3
[2020-03-27 02:17:00.692] [sharedprocess] [info] Scanned user extensions: 3
[2020-03-27 02:21:37.499] [sharedprocess] [info] Scanned system extensions: 72
[2020-03-27 02:21:37.500] [sharedprocess] [info] Scanned system extensions: 72
[2020-03-27 02:21:37.552] [sharedprocess] [info] Scanned user extensions: 3
[2020-03-27 02:21:37.620] [sharedprocess] [info] Scanned system extensions: 72
[2020-03-27 02:21:37.771] [sharedprocess] [info] Scanned user extensions: 3
[2020-03-27 02:21:38.076] [sharedprocess] [info] Scanned user extensions: 3
[2020-03-27 02:21:39.910] [sharedprocess] [info] Scanned user extensions: 3
[2020-03-27 02:26:39.984] [sharedprocess] [info] Scanned user extensions: 3
[2020-03-27 02:31:40.069] [sharedprocess] [info] Scanned user extensions: 3
[2020-03-27 02:36:40.150] [sharedprocess] [info] Scanned user extensions: 3
[2020-03-27 02:41:40.341] [sharedprocess] [info] Scanned user extensions: 3
[2020-03-27 02:46:40.417] [sharedprocess] [info] Scanned user extensions: 3
[2020-03-27 02:51:41.030] [sharedprocess] [info] Scanned user extensions: 3
[2020-03-27 02:56:41.172] [sharedprocess] [info] Scanned user extensions: 3
[2020-03-27 03:01:41.252] [sharedprocess] [info] Scanned user extensions: 3
[2020-03-27 03:06:41.490] [sharedprocess] [info] Scanned user extensions: 3
[2020-03-27 03:11:41.573] [sharedprocess] [info] Scanned user extensions: 3
[2020-03-27 03:16:41.814] [sharedprocess] [info] Scanned user extensions: 3
[2020-03-27 03:21:41.903] [sharedprocess] [info] Scanned user extensions: 3
[2020-03-27 03:26:42.089] [sharedprocess] [info] Scanned user extensions: 3
[2020-03-27 03:29:21.016] [sharedprocess] [info] Scanned system extensions: 72
[2020-03-27 03:29:21.017] [sharedprocess] [info] Scanned system extensions: 72
[2020-03-27 03:29:21.053] [sharedprocess] [info] Scanned user extensions: 3
[2020-03-27 03:29:21.168] [sharedprocess] [info] Scanned user extensions: 3
[2020-03-27 03:29:21.365] [sharedprocess] [info] Scanned system extensions: 72
[2020-03-27 03:29:21.456] [sharedprocess] [info] Scanned user extensions: 3
[2020-03-27 03:29:23.344] [sharedprocess] [info] Scanned user extensions: 3
[2020-03-27 03:31:42.174] [sharedprocess] [info] Scanned user extensions: 3
[2020-03-27 03:34:23.395] [sharedprocess] [info] Scanned user extensions: 3
[2020-03-27 03:36:42.244] [sharedprocess] [info] Scanned user extensions: 3
[2020-03-27 03:39:23.495] [sharedprocess] [info] Scanned user extensions: 3
[2020-03-27 03:41:42.308] [sharedprocess] [info] Scanned user extensions: 3
[2020-03-27 03:44:23.587] [sharedprocess] [info] Scanned user extensions: 3
[2020-03-27 03:46:42.404] [sharedprocess] [info] Scanned user extensions: 3
[2020-03-27 03:49:23.651] [sharedprocess] [info] Scanned user extensions: 3
[2020-03-27 03:51:42.485] [sharedprocess] [info] Scanned user extensions: 3
[2020-03-27 03:54:23.867] [sharedprocess] [info] Scanned user extensions: 3
[2020-03-27 03:56:42.557] [sharedprocess] [info] Scanned user extensions: 3
[2020-03-27 03:57:07.685] [sharedprocess] [info] Scanned user extensions: 3
[2020-03-27 03:57:07.915] [sharedprocess] [info] Scanned system extensions: 72
[2020-03-27 03:57:07.928] [sharedprocess] [info] Scanned system extensions: 72
[2020-03-27 03:57:07.973] [sharedprocess] [info] Scanned user extensions: 3
[2020-03-27 03:57:08.429] [sharedprocess] [info] Scanned user extensions: 3
[2020-03-27 03:57:08.585] [sharedprocess] [info] Scanned system extensions: 72
[2020-03-27 03:57:10.537] [sharedprocess] [info] Scanned user extensions: 3
[2020-03-27 04:01:43.758] [sharedprocess] [info] Scanned user extensions: 3
[2020-03-27 04:02:10.969] [sharedprocess] [info] Scanned user extensions: 3
[2020-03-27 04:06:45.107] [sharedprocess] [info] Scanned user extensions: 3
[2020-03-27 04:07:13.349] [sharedprocess] [info] Scanned user extensions: 3
[2020-03-27 04:11:45.338] [sharedprocess] [info] Scanned user extensions: 3
